Using pre-set license
Built from '2021.2/staging' branch; Version is '2021.2.16f1 (559fc0ec6670) revision 5611456'; Using compiler version '192829333'; Build Type 'Release'
OS: 'Windows 11  (10.0.22000) 64bit Enterprise' Language: 'en' Physical Memory: 16125 MB
BatchMode: 1, IsHumanControllingUs: 0, StartBugReporterOnCrash: 0, Is64bit: 1, IsPro: 1

COMMAND LINE ARGUMENTS:
C:\Program Files\Unity\Hub\Editor\2021.2.16f1\Editor\Unity.exe
-adb2
-batchMode
-noUpm
-name
AssetImportWorker4
-projectPath
C:/UnityProjects/Parkour
-logFile
Logs/AssetImportWorker4.log
-srvPort
64701
Successfully changed project path to: C:/UnityProjects/Parkour
C:/UnityProjects/Parkour
[UnityMemory] Configuration Parameters - Can be set up in boot.config
    "memorysetup-bucket-allocator-granularity=16"
    "memorysetup-bucket-allocator-bucket-count=8"
    "memorysetup-bucket-allocator-block-size=33554432"
    "memorysetup-bucket-allocator-block-count=8"
    "memorysetup-main-allocator-block-size=16777216"
    "memorysetup-thread-allocator-block-size=16777216"
    "memorysetup-gfx-main-allocator-block-size=16777216"
    "memorysetup-gfx-thread-allocator-block-size=16777216"
    "memorysetup-cache-allocator-block-size=4194304"
    "memorysetup-typetree-allocator-block-size=2097152"
    "memorysetup-profiler-bucket-allocator-granularity=16"
    "memorysetup-profiler-bucket-allocator-bucket-count=8"
    "memorysetup-profiler-bucket-allocator-block-size=33554432"
    "memorysetup-profiler-bucket-allocator-block-count=8"
    "memorysetup-profiler-allocator-block-size=16777216"
    "memorysetup-profiler-editor-allocator-block-size=1048576"
    "memorysetup-temp-allocator-size-main=16777216"
    "memorysetup-job-temp-allocator-block-size=2097152"
    "memorysetup-job-temp-allocator-block-size-background=1048576"
    "memorysetup-job-temp-allocator-reduction-small-platforms=262144"
    "memorysetup-temp-allocator-size-background-worker=32768"
    "memorysetup-temp-allocator-size-job-worker=262144"
    "memorysetup-temp-allocator-size-preload-manager=33554432"
    "memorysetup-temp-allocator-size-nav-mesh-worker=65536"
    "memorysetup-temp-allocator-size-audio-worker=65536"
    "memorysetup-temp-allocator-size-cloud-worker=32768"
    "memorysetup-temp-allocator-size-gi-baking-worker=262144"
    "memorysetup-temp-allocator-size-gfx=262144"
Refreshing native plugins compatible for Editor in 66.15 ms, found 3 plugins.
Preloading 0 native plugins for Editor in 0.00 ms.
Initialize engine version: 2021.2.16f1 (559fc0ec6670)
[Subsystems] Discovering subsystems at path C:/Program Files/Unity/Hub/Editor/2021.2.16f1/Editor/Data/Resources/UnitySubsystems
[Subsystems] Discovering subsystems at path C:/UnityProjects/Parkour/Assets
GfxDevice: creating device client; threaded=0; jobified=0
Direct3D:
    Version:  Direct3D 11.0 [level 11.1]
    Renderer: NVIDIA GeForce RTX 3060 Laptop GPU (ID=0x2520)
    Vendor:   NVIDIA
    VRAM:     6023 MB
    Driver:   30.0.15.1179
Initialize mono
Mono path[0] = 'C:/Program Files/Unity/Hub/Editor/2021.2.16f1/Editor/Data/Managed'
Mono path[1] = 'C:/Program Files/Unity/Hub/Editor/2021.2.16f1/Editor/Data/MonoBleedingEdge/lib/mono/unityjit-win32'
Mono config path = 'C:/Program Files/Unity/Hub/Editor/2021.2.16f1/Editor/Data/MonoBleedingEdge/etc'
Using monoOptions --debugger-agent=transport=dt_socket,embedding=1,server=y,suspend=n,address=127.0.0.1:56064
Begin MonoManager ReloadAssembly
Registering precompiled unity dll's ...
Register platform support module: C:/Program Files/Unity/Hub/Editor/2021.2.16f1/Editor/Data/PlaybackEngines/WebGLSupport/UnityEditor.WebGL.Extensions.dll
Register platform support module: C:/Program Files/Unity/Hub/Editor/2021.2.16f1/Editor/Data/PlaybackEngines/MacStandaloneSupport/UnityEditor.OSXStandalone.Extensions.dll
Register platform support module: C:/Program Files/Unity/Hub/Editor/2021.2.16f1/Editor/Data/PlaybackEngines/AndroidPlayer/UnityEditor.Android.Extensions.dll
Register platform support module: C:/Program Files/Unity/Hub/Editor/2021.2.16f1/Editor/Data/PlaybackEngines/iOSSupport/UnityEditor.iOS.Extensions.dll
Register platform support module: C:/Program Files/Unity/Hub/Editor/2021.2.16f1/Editor/Data/PlaybackEngines/WindowsStandaloneSupport/UnityEditor.WindowsStandalone.Extensions.dll
Register platform support module: C:/Program Files/Unity/Hub/Editor/2021.2.16f1/Editor/Data/PlaybackEngines/MetroSupport/UnityEditor.UWP.Extensions.dll
Registered in 0.005655 seconds.
Native extension for UWP target not found
Native extension for WindowsStandalone target not found
[usbmuxd] Start listen thread
[usbmuxd] Listen thread started
Native extension for iOS target not found
Native extension for Android target not found
Native extension for OSXStandalone target not found
Native extension for WebGL target not found
Refreshing native plugins compatible for Editor in 66.73 ms, found 3 plugins.
Preloading 0 native plugins for Editor in 0.00 ms.
Mono: successfully reloaded assembly
- Completed reload, in  0.501 seconds
Domain Reload Profiling:
	ReloadAssembly (501ms)
		BeginReloadAssembly (53ms)
			ExecutionOrderSort (0ms)
			DisableScriptedObjects (0ms)
			BackupInstance (0ms)
			ReleaseScriptingObjects (0ms)
			CreateAndSetChildDomain (1ms)
		EndReloadAssembly (366ms)
			LoadAssemblies (52ms)
			RebuildTransferFunctionScriptingTraits (0ms)
			SetupTypeCache (79ms)
			ReleaseScriptCaches (0ms)
			RebuildScriptCaches (21ms)
			SetupLoadedEditorAssemblies (228ms)
				LogAssemblyErrors (0ms)
				InitializePlatformSupportModulesInManaged (52ms)
				SetLoadedEditorAssemblies (0ms)
				RefreshPlugins (67ms)
				BeforeProcessingInitializeOnLoad (1ms)
				ProcessInitializeOnLoadAttributes (75ms)
				ProcessInitializeOnLoadMethodAttributes (33ms)
				AfterProcessingInitializeOnLoad (0ms)
				EditorAssembliesLoaded (0ms)
			ExecutionOrderSort2 (0ms)
			AwakeInstancesAfterBackupRestoration (0ms)
Platform modules already initialized, skipping
Registering precompiled user dll's ...
Registered in 0.002896 seconds.
Begin MonoManager ReloadAssembly
Symbol file LoadedFromMemory doesn't match image C:\UnityProjects\Parkour\Library\PackageCache\com.unity.visualscripting@1.7.6\Editor\VisualScripting.Core\Dependencies\YamlDotNet\Unity.VisualScripting.YamlDotNet.dll
Symbol file LoadedFromMemory doesn't match image C:\UnityProjects\Parkour\Library\PackageCache\com.unity.visualscripting@1.7.6\Editor\VisualScripting.Core\Dependencies\DotNetZip\Unity.VisualScripting.IonicZip.dll
Native extension for UWP target not found
Native extension for WindowsStandalone target not found
Native extension for iOS target not found
Native extension for Android target not found
Native extension for OSXStandalone target not found
Native extension for WebGL target not found
Refreshing native plugins compatible for Editor in 0.83 ms, found 3 plugins.
Preloading 0 native plugins for Editor in 0.00 ms.
Mono: successfully reloaded assembly
- Completed reload, in  1.011 seconds
Domain Reload Profiling:
	ReloadAssembly (1012ms)
		BeginReloadAssembly (206ms)
			ExecutionOrderSort (0ms)
			DisableScriptedObjects (6ms)
			BackupInstance (0ms)
			ReleaseScriptingObjects (0ms)
			CreateAndSetChildDomain (128ms)
		EndReloadAssembly (717ms)
			LoadAssemblies (59ms)
			RebuildTransferFunctionScriptingTraits (0ms)
			SetupTypeCache (193ms)
			ReleaseScriptCaches (1ms)
			RebuildScriptCaches (40ms)
			SetupLoadedEditorAssemblies (380ms)
				LogAssemblyErrors (0ms)
				InitializePlatformSupportModulesInManaged (28ms)
				SetLoadedEditorAssemblies (0ms)
				RefreshPlugins (1ms)
				BeforeProcessingInitializeOnLoad (81ms)
				ProcessInitializeOnLoadAttributes (238ms)
				ProcessInitializeOnLoadMethodAttributes (24ms)
				AfterProcessingInitializeOnLoad (7ms)
				EditorAssembliesLoaded (0ms)
			ExecutionOrderSort2 (0ms)
			AwakeInstancesAfterBackupRestoration (6ms)
Platform modules already initialized, skipping
========================================================================
Worker process is ready to serve import requests
Launched and connected shader compiler UnityShaderCompiler.exe after 0.04 seconds
Refreshing native plugins compatible for Editor in 1.46 ms, found 3 plugins.
Preloading 0 native plugins for Editor in 0.00 ms.
Unloading 3234 Unused Serialized files (Serialized files now loaded: 0)
Unloading 23 unused Assets / (112.7 KB). Loaded Objects now: 3721.
Memory consumption went from 127.4 MB to 127.3 MB.
Total: 6.135100 ms (FindLiveObjects: 0.460800 ms CreateObjectMapping: 0.400400 ms MarkObjects: 5.077600 ms  DeleteObjects: 0.194000 ms)

AssetImportParameters requested are different than current active one (requested -> active):
  custom:video-decoder-ogg-theora: a1e56fd34408186e4bbccfd4996cb3dc -> 
  custom:container-muxer-webm: aa71ff27fc2769a1b78a27578f13a17b -> 
  custom:container-demuxer-webm: 4f35f7cbe854078d1ac9338744f61a02 -> 
  custom:video-encoder-webm-vp8: eb34c28f22e8b96e1ab97ce403110664 -> 
  custom:audio-encoder-webm-vorbis: bf7c407c2cedff20999df2af8eb42d56 -> 
  custom:framework-win-MediaFoundation: 216162199b28c13a410421893ffa2e32 -> 
  custom:container-demuxer-ogg: 62fdf1f143b41e24485cea50d1cbac27 -> 
  custom:video-decoder-webm-vp8: 9c59270c3fd7afecdb556c50c9e8de78 -> 
  custom:audio-decoder-ogg-vorbis: bf7c407c2cedff20999df2af8eb42d56 -> 
========================================================================
Received Import Request.
  Time since last request: 4581.295006 seconds.
  path: Assets/SimpleSky/_Materials/SimpleSky.mat
  artifactKey: Guid(e68f77e240a7f8643b5cc4253dc37516) Importer(815301076,1909f56bfc062723c751e8b465ee728b)
Start importing Assets/SimpleSky/_Materials/SimpleSky.mat using Guid(e68f77e240a7f8643b5cc4253dc37516) Importer(815301076,1909f56bfc062723c751e8b465ee728b)  -> (artifact id: '4905a9367b3f92c819bba91b2bba4cb8') in 0.085379 seconds 
========================================================================
Received Import Request.
  Time since last request: 1.193801 seconds.
  path: Assets/SimpleSky/_Models/Cloud_01.fbx
  artifactKey: Guid(d6a294bdf7386d64f8c846e5ac334ffa) Importer(815301076,1909f56bfc062723c751e8b465ee728b)
Start importing Assets/SimpleSky/_Models/Cloud_01.fbx using Guid(d6a294bdf7386d64f8c846e5ac334ffa) Importer(815301076,1909f56bfc062723c751e8b465ee728b)  -> (artifact id: '502e38e95b9e1bc207c27c1f724c9f63') in 0.107439 seconds 
========================================================================
Received Import Request.
  Time since last request: 0.000045 seconds.
  path: Assets/SimpleSky/_Models/Cloud_06.fbx
  artifactKey: Guid(9eee4a1abc7933341a548cf4c5fa26cb) Importer(815301076,1909f56bfc062723c751e8b465ee728b)
Start importing Assets/SimpleSky/_Models/Cloud_06.fbx using Guid(9eee4a1abc7933341a548cf4c5fa26cb) Importer(815301076,1909f56bfc062723c751e8b465ee728b)  -> (artifact id: '332c8401cae9fdf7ca71e803f3a791dc') in 0.021997 seconds 
========================================================================
Received Prepare
Registering precompiled user dll's ...
Registered in 0.003814 seconds.
Begin MonoManager ReloadAssembly
Symbol file LoadedFromMemory doesn't match image C:\UnityProjects\Parkour\Library\PackageCache\com.unity.visualscripting@1.7.6\Editor\VisualScripting.Core\Dependencies\YamlDotNet\Unity.VisualScripting.YamlDotNet.dll
Symbol file LoadedFromMemory doesn't match image C:\UnityProjects\Parkour\Library\PackageCache\com.unity.visualscripting@1.7.6\Editor\VisualScripting.Core\Dependencies\DotNetZip\Unity.VisualScripting.IonicZip.dll
Native extension for UWP target not found
Native extension for WindowsStandalone target not found
Native extension for iOS target not found
Native extension for Android target not found
Native extension for OSXStandalone target not found
Native extension for WebGL target not found
Refreshing native plugins compatible for Editor in 0.45 ms, found 3 plugins.
Preloading 0 native plugins for Editor in 0.00 ms.
Mono: successfully reloaded assembly
- Completed reload, in  0.929 seconds
Domain Reload Profiling:
	ReloadAssembly (930ms)
		BeginReloadAssembly (161ms)
			ExecutionOrderSort (0ms)
			DisableScriptedObjects (4ms)
			BackupInstance (0ms)
			ReleaseScriptingObjects (0ms)
			CreateAndSetChildDomain (66ms)
		EndReloadAssembly (681ms)
			LoadAssemblies (73ms)
			RebuildTransferFunctionScriptingTraits (0ms)
			SetupTypeCache (255ms)
			ReleaseScriptCaches (2ms)
			RebuildScriptCaches (33ms)
			SetupLoadedEditorAssemblies (285ms)
				LogAssemblyErrors (0ms)
				InitializePlatformSupportModulesInManaged (39ms)
				SetLoadedEditorAssemblies (0ms)
				RefreshPlugins (0ms)
				BeforeProcessingInitializeOnLoad (58ms)
				ProcessInitializeOnLoadAttributes (164ms)
				ProcessInitializeOnLoadMethodAttributes (18ms)
				AfterProcessingInitializeOnLoad (5ms)
				EditorAssembliesLoaded (0ms)
			ExecutionOrderSort2 (0ms)
			AwakeInstancesAfterBackupRestoration (4ms)
Platform modules already initialized, skipping
Refreshing native plugins compatible for Editor in 1.34 ms, found 3 plugins.
Preloading 0 native plugins for Editor in 0.00 ms.
Unloading 3227 Unused Serialized files (Serialized files now loaded: 0)
Unloading 17 unused Assets / (185.7 KB). Loaded Objects now: 3769.
Memory consumption went from 131.9 MB to 131.7 MB.
Total: 2.500700 ms (FindLiveObjects: 0.209200 ms CreateObjectMapping: 0.080500 ms MarkObjects: 2.099200 ms  DeleteObjects: 0.110600 ms)

AssetImportParameters requested are different than current active one (requested -> active):
  custom:video-decoder-ogg-theora: a1e56fd34408186e4bbccfd4996cb3dc -> 
  custom:container-muxer-webm: aa71ff27fc2769a1b78a27578f13a17b -> 
  custom:container-demuxer-webm: 4f35f7cbe854078d1ac9338744f61a02 -> 
  custom:video-encoder-webm-vp8: eb34c28f22e8b96e1ab97ce403110664 -> 
  custom:audio-encoder-webm-vorbis: bf7c407c2cedff20999df2af8eb42d56 -> 
  custom:framework-win-MediaFoundation: 216162199b28c13a410421893ffa2e32 -> 
  custom:container-demuxer-ogg: 62fdf1f143b41e24485cea50d1cbac27 -> 
  custom:video-decoder-webm-vp8: 9c59270c3fd7afecdb556c50c9e8de78 -> 
  custom:audio-decoder-ogg-vorbis: bf7c407c2cedff20999df2af8eb42d56 -> 
========================================================================
Received Import Request.
  Time since last request: 61.770189 seconds.
  path: Assets/LowPolyWater_Pack/LowPoly Island/island1_design2_c4d.obj
  artifactKey: Guid(6e654008c0c551d41b2f83f329e79d6f) Importer(815301076,1909f56bfc062723c751e8b465ee728b)
Start importing Assets/LowPolyWater_Pack/LowPoly Island/island1_design2_c4d.obj using Guid(6e654008c0c551d41b2f83f329e79d6f) Importer(815301076,1909f56bfc062723c751e8b465ee728b)  -> (artifact id: 'cd23132684a418f63a23ffd148a97d94') in 0.117883 seconds 
========================================================================
Received Import Request.
  Time since last request: 3.006769 seconds.
  path: Assets/LowPolyWater_Pack/Plane Meshes
  artifactKey: Guid(3cf44bedfd04535428eb215dfe3cbe2d) Importer(815301076,1909f56bfc062723c751e8b465ee728b)
Start importing Assets/LowPolyWater_Pack/Plane Meshes using Guid(3cf44bedfd04535428eb215dfe3cbe2d) Importer(815301076,1909f56bfc062723c751e8b465ee728b)  -> (artifact id: '4db796a4e8a47aafb22077c2975f9bfb') in 0.001352 seconds 
========================================================================
Received Import Request.
  Time since last request: 0.036825 seconds.
  path: Assets/LowPolyWater_Pack/Plane Meshes/Ocean50x50W750H750.asset
  artifactKey: Guid(ebfb4988eb16add4784122504f75fe2f) Importer(815301076,1909f56bfc062723c751e8b465ee728b)
Start importing Assets/LowPolyWater_Pack/Plane Meshes/Ocean50x50W750H750.asset using Guid(ebfb4988eb16add4784122504f75fe2f) Importer(815301076,1909f56bfc062723c751e8b465ee728b)  -> (artifact id: '91c73e18c053a48459c71df1a6c769f7') in 0.016680 seconds 
========================================================================
Received Import Request.
  Time since last request: 16.359639 seconds.
  path: Assets/LowPolyWater_Pack/LowPoly Island
  artifactKey: Guid(9320976cad9e2104e931f008e44e5103) Importer(815301076,1909f56bfc062723c751e8b465ee728b)
Start importing Assets/LowPolyWater_Pack/LowPoly Island using Guid(9320976cad9e2104e931f008e44e5103) Importer(815301076,1909f56bfc062723c751e8b465ee728b)  -> (artifact id: '0f59095a89a6963c7b128856abba1ae6') in 0.001987 seconds 
========================================================================
Received Import Request.
  Time since last request: 0.709895 seconds.
  path: Assets/LowPolyWater_Pack/Materials
  artifactKey: Guid(40dbe5c72eec6b4419c2e68e132cde42) Importer(815301076,1909f56bfc062723c751e8b465ee728b)
Start importing Assets/LowPolyWater_Pack/Materials using Guid(40dbe5c72eec6b4419c2e68e132cde42) Importer(815301076,1909f56bfc062723c751e8b465ee728b)  -> (artifact id: '88bf8dde9ca0e8ca1d0966535a2fc77a') in 0.001695 seconds 
========================================================================
Received Import Request.
  Time since last request: 0.022879 seconds.
  path: Assets/LowPolyWater_Pack/Materials/LowPolyWaterMaterial.mat
  artifactKey: Guid(8538bd626cb3e80478f62e319f75e337) Importer(815301076,1909f56bfc062723c751e8b465ee728b)
Start importing Assets/LowPolyWater_Pack/Materials/LowPolyWaterMaterial.mat using Guid(8538bd626cb3e80478f62e319f75e337) Importer(815301076,1909f56bfc062723c751e8b465ee728b)  -> (artifact id: 'd7bd758962bfa119643925381bbc2fa8') in 0.061021 seconds 
========================================================================
Received Import Request.
  Time since last request: 0.627000 seconds.
  path: Assets/LowPolyWater_Pack/Textures/Foam.tga
  artifactKey: Guid(5fbcffe9c2077f04186883cb39275fcc) Importer(815301076,1909f56bfc062723c751e8b465ee728b)
Start importing Assets/LowPolyWater_Pack/Textures/Foam.tga using Guid(5fbcffe9c2077f04186883cb39275fcc) Importer(815301076,1909f56bfc062723c751e8b465ee728b)  -> (artifact id: '68b810d5f47996cf215ecd00c0e7dd86') in 0.019131 seconds 
========================================================================
Received Prepare
Registering precompiled user dll's ...
Registered in 0.002586 seconds.
Begin MonoManager ReloadAssembly
Symbol file LoadedFromMemory doesn't match image C:\UnityProjects\Parkour\Library\PackageCache\com.unity.visualscripting@1.7.6\Editor\VisualScripting.Core\Dependencies\YamlDotNet\Unity.VisualScripting.YamlDotNet.dll
Symbol file LoadedFromMemory doesn't match image C:\UnityProjects\Parkour\Library\PackageCache\com.unity.visualscripting@1.7.6\Editor\VisualScripting.Core\Dependencies\DotNetZip\Unity.VisualScripting.IonicZip.dll
Native extension for UWP target not found
Native extension for WindowsStandalone target not found
Native extension for iOS target not found
Native extension for Android target not found
Native extension for OSXStandalone target not found
Native extension for WebGL target not found
Refreshing native plugins compatible for Editor in 1.75 ms, found 3 plugins.
Preloading 0 native plugins for Editor in 0.00 ms.
Mono: successfully reloaded assembly
- Completed reload, in  1.225 seconds
Domain Reload Profiling:
	ReloadAssembly (1226ms)
		BeginReloadAssembly (111ms)
			ExecutionOrderSort (0ms)
			DisableScriptedObjects (3ms)
			BackupInstance (0ms)
			ReleaseScriptingObjects (0ms)
			CreateAndSetChildDomain (36ms)
		EndReloadAssembly (1035ms)
			LoadAssemblies (69ms)
			RebuildTransferFunctionScriptingTraits (0ms)
			SetupTypeCache (363ms)
			ReleaseScriptCaches (4ms)
			RebuildScriptCaches (64ms)
			SetupLoadedEditorAssemblies (454ms)
				LogAssemblyErrors (0ms)
				InitializePlatformSupportModulesInManaged (54ms)
				SetLoadedEditorAssemblies (1ms)
				RefreshPlugins (2ms)
				BeforeProcessingInitializeOnLoad (83ms)
				ProcessInitializeOnLoadAttributes (273ms)
				ProcessInitializeOnLoadMethodAttributes (33ms)
				AfterProcessingInitializeOnLoad (8ms)
				EditorAssembliesLoaded (1ms)
			ExecutionOrderSort2 (0ms)
			AwakeInstancesAfterBackupRestoration (9ms)
Platform modules already initialized, skipping
Refreshing native plugins compatible for Editor in 1.31 ms, found 3 plugins.
Preloading 0 native plugins for Editor in 0.00 ms.
Unloading 3227 Unused Serialized files (Serialized files now loaded: 0)
Unloading 16 unused Assets / (80.1 KB). Loaded Objects now: 3775.
Memory consumption went from 131.9 MB to 131.9 MB.
Total: 2.699100 ms (FindLiveObjects: 0.262900 ms CreateObjectMapping: 0.093300 ms MarkObjects: 2.264500 ms  DeleteObjects: 0.077100 ms)

AssetImportParameters requested are different than current active one (requested -> active):
  custom:video-decoder-ogg-theora: a1e56fd34408186e4bbccfd4996cb3dc -> 
  custom:container-muxer-webm: aa71ff27fc2769a1b78a27578f13a17b -> 
  custom:container-demuxer-webm: 4f35f7cbe854078d1ac9338744f61a02 -> 
  custom:video-encoder-webm-vp8: eb34c28f22e8b96e1ab97ce403110664 -> 
  custom:audio-encoder-webm-vorbis: bf7c407c2cedff20999df2af8eb42d56 -> 
  custom:framework-win-MediaFoundation: 216162199b28c13a410421893ffa2e32 -> 
  custom:container-demuxer-ogg: 62fdf1f143b41e24485cea50d1cbac27 -> 
  custom:video-decoder-webm-vp8: 9c59270c3fd7afecdb556c50c9e8de78 -> 
  custom:audio-decoder-ogg-vorbis: bf7c407c2cedff20999df2af8eb42d56 -> 
========================================================================
Received Import Request.
  Time since last request: 109.382462 seconds.
  path: Assets/New Terrain.asset
  artifactKey: Guid(62540a5da8f23b8449a1da10b3dbd6ea) Importer(815301076,1909f56bfc062723c751e8b465ee728b)
Start importing Assets/New Terrain.asset using Guid(62540a5da8f23b8449a1da10b3dbd6ea) Importer(815301076,1909f56bfc062723c751e8b465ee728b)  -> (artifact id: 'e833007b432ad305e88b7c7d9554bd44') in 0.020045 seconds 
========================================================================
Received Import Request.
  Time since last request: 1.539361 seconds.
  path: Assets/LowPolyWater_Pack
  artifactKey: Guid(62460789d57d13b4e9a1828f7991af73) Importer(815301076,1909f56bfc062723c751e8b465ee728b)
Start importing Assets/LowPolyWater_Pack using Guid(62460789d57d13b4e9a1828f7991af73) Importer(815301076,1909f56bfc062723c751e8b465ee728b)  -> (artifact id: 'b2671c51172cb826f2d2d81fba47ae4b') in 0.001551 seconds 
========================================================================
Received Import Request.
  Time since last request: 0.310674 seconds.
  path: Assets/HolyShift
  artifactKey: Guid(dcc5598dfaed59c47aa9a7d8c1ef0969) Importer(815301076,1909f56bfc062723c751e8b465ee728b)
Start importing Assets/HolyShift using Guid(dcc5598dfaed59c47aa9a7d8c1ef0969) Importer(815301076,1909f56bfc062723c751e8b465ee728b)  -> (artifact id: '991e57bc2a5bd15e48b4e9e9872abdc6') in 0.001220 seconds 
========================================================================
Received Prepare
Registering precompiled user dll's ...
Registered in 0.003105 seconds.
Begin MonoManager ReloadAssembly
Symbol file LoadedFromMemory doesn't match image C:\UnityProjects\Parkour\Library\PackageCache\com.unity.visualscripting@1.7.6\Editor\VisualScripting.Core\Dependencies\YamlDotNet\Unity.VisualScripting.YamlDotNet.dll
Symbol file LoadedFromMemory doesn't match image C:\UnityProjects\Parkour\Library\PackageCache\com.unity.visualscripting@1.7.6\Editor\VisualScripting.Core\Dependencies\DotNetZip\Unity.VisualScripting.IonicZip.dll
Native extension for UWP target not found
Native extension for WindowsStandalone target not found
Native extension for iOS target not found
Native extension for Android target not found
Native extension for OSXStandalone target not found
Native extension for WebGL target not found
Refreshing native plugins compatible for Editor in 0.79 ms, found 3 plugins.
Preloading 0 native plugins for Editor in 0.00 ms.
Mono: successfully reloaded assembly
- Completed reload, in  0.935 seconds
Domain Reload Profiling:
	ReloadAssembly (936ms)
		BeginReloadAssembly (152ms)
			ExecutionOrderSort (0ms)
			DisableScriptedObjects (5ms)
			BackupInstance (0ms)
			ReleaseScriptingObjects (0ms)
			CreateAndSetChildDomain (54ms)
		EndReloadAssembly (696ms)
			LoadAssemblies (77ms)
			RebuildTransferFunctionScriptingTraits (0ms)
			SetupTypeCache (259ms)
			ReleaseScriptCaches (2ms)
			RebuildScriptCaches (43ms)
			SetupLoadedEditorAssemblies (275ms)
				LogAssemblyErrors (0ms)
				InitializePlatformSupportModulesInManaged (37ms)
				SetLoadedEditorAssemblies (0ms)
				RefreshPlugins (1ms)
				BeforeProcessingInitializeOnLoad (53ms)
				ProcessInitializeOnLoadAttributes (154ms)
				ProcessInitializeOnLoadMethodAttributes (23ms)
				AfterProcessingInitializeOnLoad (6ms)
				EditorAssembliesLoaded (0ms)
			ExecutionOrderSort2 (0ms)
			AwakeInstancesAfterBackupRestoration (6ms)
Platform modules already initialized, skipping
Refreshing native plugins compatible for Editor in 1.20 ms, found 3 plugins.
Preloading 0 native plugins for Editor in 0.00 ms.
Unloading 3225 Unused Serialized files (Serialized files now loaded: 0)
Unloading 17 unused Assets / (80.1 KB). Loaded Objects now: 3777.
Memory consumption went from 131.8 MB to 131.7 MB.
Total: 2.390100 ms (FindLiveObjects: 0.197900 ms CreateObjectMapping: 0.070100 ms MarkObjects: 2.036400 ms  DeleteObjects: 0.084500 ms)

AssetImportParameters requested are different than current active one (requested -> active):
  custom:video-decoder-ogg-theora: a1e56fd34408186e4bbccfd4996cb3dc -> 
  custom:container-muxer-webm: aa71ff27fc2769a1b78a27578f13a17b -> 
  custom:container-demuxer-webm: 4f35f7cbe854078d1ac9338744f61a02 -> 
  custom:video-encoder-webm-vp8: eb34c28f22e8b96e1ab97ce403110664 -> 
  custom:audio-encoder-webm-vorbis: bf7c407c2cedff20999df2af8eb42d56 -> 
  custom:framework-win-MediaFoundation: 216162199b28c13a410421893ffa2e32 -> 
  custom:container-demuxer-ogg: 62fdf1f143b41e24485cea50d1cbac27 -> 
  custom:video-decoder-webm-vp8: 9c59270c3fd7afecdb556c50c9e8de78 -> 
  custom:audio-decoder-ogg-vorbis: bf7c407c2cedff20999df2af8eb42d56 -> 
========================================================================
Received Import Request.
  Time since last request: 26.053632 seconds.
  path: Assets/New Terrain.asset
  artifactKey: Guid(62540a5da8f23b8449a1da10b3dbd6ea) Importer(815301076,1909f56bfc062723c751e8b465ee728b)
Start importing Assets/New Terrain.asset using Guid(62540a5da8f23b8449a1da10b3dbd6ea) Importer(815301076,1909f56bfc062723c751e8b465ee728b)  -> (artifact id: '67de3d361251fee0dcd3fa8c0ccf5869') in 0.023192 seconds 
========================================================================
Received Prepare
Registering precompiled user dll's ...
Registered in 0.003664 seconds.
Begin MonoManager ReloadAssembly
Symbol file LoadedFromMemory doesn't match image C:\UnityProjects\Parkour\Library\PackageCache\com.unity.visualscripting@1.7.6\Editor\VisualScripting.Core\Dependencies\YamlDotNet\Unity.VisualScripting.YamlDotNet.dll
Symbol file LoadedFromMemory doesn't match image C:\UnityProjects\Parkour\Library\PackageCache\com.unity.visualscripting@1.7.6\Editor\VisualScripting.Core\Dependencies\DotNetZip\Unity.VisualScripting.IonicZip.dll
Native extension for UWP target not found
Native extension for WindowsStandalone target not found
Native extension for iOS target not found
Native extension for Android target not found
Native extension for OSXStandalone target not found
Native extension for WebGL target not found
Refreshing native plugins compatible for Editor in 0.84 ms, found 3 plugins.
Preloading 0 native plugins for Editor in 0.00 ms.
Mono: successfully reloaded assembly
- Completed reload, in  1.049 seconds
Domain Reload Profiling:
	ReloadAssembly (1050ms)
		BeginReloadAssembly (107ms)
			ExecutionOrderSort (0ms)
			DisableScriptedObjects (4ms)
			BackupInstance (0ms)
			ReleaseScriptingObjects (0ms)
			CreateAndSetChildDomain (35ms)
		EndReloadAssembly (864ms)
			LoadAssemblies (68ms)
			RebuildTransferFunctionScriptingTraits (0ms)
			SetupTypeCache (258ms)
			ReleaseScriptCaches (2ms)
			RebuildScriptCaches (63ms)
			SetupLoadedEditorAssemblies (403ms)
				LogAssemblyErrors (0ms)
				InitializePlatformSupportModulesInManaged (47ms)
				SetLoadedEditorAssemblies (1ms)
				RefreshPlugins (1ms)
				BeforeProcessingInitializeOnLoad (71ms)
				ProcessInitializeOnLoadAttributes (243ms)
				ProcessInitializeOnLoadMethodAttributes (31ms)
				AfterProcessingInitializeOnLoad (8ms)
				EditorAssembliesLoaded (0ms)
			ExecutionOrderSort2 (0ms)
			AwakeInstancesAfterBackupRestoration (8ms)
Platform modules already initialized, skipping
Refreshing native plugins compatible for Editor in 1.29 ms, found 3 plugins.
Preloading 0 native plugins for Editor in 0.00 ms.
Unloading 3225 Unused Serialized files (Serialized files now loaded: 0)
Unloading 16 unused Assets / (80.2 KB). Loaded Objects now: 3780.
Memory consumption went from 131.8 MB to 131.7 MB.
Total: 2.789900 ms (FindLiveObjects: 0.253000 ms CreateObjectMapping: 0.083700 ms MarkObjects: 2.386600 ms  DeleteObjects: 0.065400 ms)

AssetImportParameters requested are different than current active one (requested -> active):
  custom:video-decoder-ogg-theora: a1e56fd34408186e4bbccfd4996cb3dc -> 
  custom:container-muxer-webm: aa71ff27fc2769a1b78a27578f13a17b -> 
  custom:container-demuxer-webm: 4f35f7cbe854078d1ac9338744f61a02 -> 
  custom:video-encoder-webm-vp8: eb34c28f22e8b96e1ab97ce403110664 -> 
  custom:audio-encoder-webm-vorbis: bf7c407c2cedff20999df2af8eb42d56 -> 
  custom:framework-win-MediaFoundation: 216162199b28c13a410421893ffa2e32 -> 
  custom:container-demuxer-ogg: 62fdf1f143b41e24485cea50d1cbac27 -> 
  custom:video-decoder-webm-vp8: 9c59270c3fd7afecdb556c50c9e8de78 -> 
  custom:audio-decoder-ogg-vorbis: bf7c407c2cedff20999df2af8eb42d56 -> 
========================================================================
Received Import Request.
  Time since last request: 43.208322 seconds.
  path: Assets/Scenes/town.unity
  artifactKey: Guid(ed3b0a82b0fc2904a8d4223834b65556) Importer(815301076,1909f56bfc062723c751e8b465ee728b)
Start importing Assets/Scenes/town.unity using Guid(ed3b0a82b0fc2904a8d4223834b65556) Importer(815301076,1909f56bfc062723c751e8b465ee728b)  -> (artifact id: 'b816a5d5a7180e0bfcb5b05b55d6ab09') in 0.007714 seconds 
========================================================================
Received Import Request.
  Time since last request: 5.912476 seconds.
  path: Assets
  artifactKey: Guid(00000000000000001000000000000000) Importer(815301076,1909f56bfc062723c751e8b465ee728b)
Start importing Assets using Guid(00000000000000001000000000000000) Importer(815301076,1909f56bfc062723c751e8b465ee728b)  -> (artifact id: '79842766b460edbeab6a34051e857a80') in 0.001600 seconds 
========================================================================
Received Import Request.
  Time since last request: 966.332861 seconds.
  path: Assets/Town
  artifactKey: Guid(c0ed63cc4abe8a846aca956943224661) Importer(815301076,1909f56bfc062723c751e8b465ee728b)
Start importing Assets/Town using Guid(c0ed63cc4abe8a846aca956943224661) Importer(815301076,1909f56bfc062723c751e8b465ee728b)  -> (artifact id: '7f6f145f85fb2aa22eaf01cb67f21a6b') in 0.003999 seconds 
========================================================================
Received Import Request.
  Time since last request: 1.312065 seconds.
  path: Assets/_TerrainAutoUpgrade
  artifactKey: Guid(831f8df8b0f551d4cbb4d882451e6393) Importer(815301076,1909f56bfc062723c751e8b465ee728b)
Start importing Assets/_TerrainAutoUpgrade using Guid(831f8df8b0f551d4cbb4d882451e6393) Importer(815301076,1909f56bfc062723c751e8b465ee728b)  -> (artifact id: '16680cdf016864b5062ba39a412539d4') in 0.001648 seconds 
========================================================================
Received Prepare
Registering precompiled user dll's ...
Registered in 0.003763 seconds.
Begin MonoManager ReloadAssembly
Symbol file LoadedFromMemory doesn't match image C:\UnityProjects\Parkour\Library\PackageCache\com.unity.visualscripting@1.7.6\Editor\VisualScripting.Core\Dependencies\YamlDotNet\Unity.VisualScripting.YamlDotNet.dll
Symbol file LoadedFromMemory doesn't match image C:\UnityProjects\Parkour\Library\PackageCache\com.unity.visualscripting@1.7.6\Editor\VisualScripting.Core\Dependencies\DotNetZip\Unity.VisualScripting.IonicZip.dll
Native extension for UWP target not found
Native extension for WindowsStandalone target not found
Native extension for iOS target not found
Native extension for Android target not found
Native extension for OSXStandalone target not found
Native extension for WebGL target not found
Refreshing native plugins compatible for Editor in 0.65 ms, found 3 plugins.
Preloading 0 native plugins for Editor in 0.00 ms.
Mono: successfully reloaded assembly
- Completed reload, in  0.772 seconds
Domain Reload Profiling:
	ReloadAssembly (772ms)
		BeginReloadAssembly (114ms)
			ExecutionOrderSort (0ms)
			DisableScriptedObjects (4ms)
			BackupInstance (0ms)
			ReleaseScriptingObjects (0ms)
			CreateAndSetChildDomain (37ms)
		EndReloadAssembly (581ms)
			LoadAssemblies (64ms)
			RebuildTransferFunctionScriptingTraits (0ms)
			SetupTypeCache (213ms)
			ReleaseScriptCaches (1ms)
			RebuildScriptCaches (36ms)
			SetupLoadedEditorAssemblies (230ms)
				LogAssemblyErrors (0ms)
				InitializePlatformSupportModulesInManaged (32ms)
				SetLoadedEditorAssemblies (1ms)
				RefreshPlugins (1ms)
				BeforeProcessingInitializeOnLoad (47ms)
				ProcessInitializeOnLoadAttributes (129ms)
				ProcessInitializeOnLoadMethodAttributes (15ms)
				AfterProcessingInitializeOnLoad (6ms)
				EditorAssembliesLoaded (0ms)
			ExecutionOrderSort2 (0ms)
			AwakeInstancesAfterBackupRestoration (4ms)
Platform modules already initialized, skipping
Refreshing native plugins compatible for Editor in 1.32 ms, found 3 plugins.
Preloading 0 native plugins for Editor in 0.00 ms.
Unloading 3225 Unused Serialized files (Serialized files now loaded: 0)
Unloading 16 unused Assets / (80.2 KB). Loaded Objects now: 3783.
Memory consumption went from 131.8 MB to 131.7 MB.
Total: 2.623500 ms (FindLiveObjects: 0.238100 ms CreateObjectMapping: 0.090200 ms MarkObjects: 2.212300 ms  DeleteObjects: 0.081500 ms)

AssetImportParameters requested are different than current active one (requested -> active):
  custom:video-decoder-ogg-theora: a1e56fd34408186e4bbccfd4996cb3dc -> 
  custom:container-muxer-webm: aa71ff27fc2769a1b78a27578f13a17b -> 
  custom:container-demuxer-webm: 4f35f7cbe854078d1ac9338744f61a02 -> 
  custom:video-encoder-webm-vp8: eb34c28f22e8b96e1ab97ce403110664 -> 
  custom:audio-encoder-webm-vorbis: bf7c407c2cedff20999df2af8eb42d56 -> 
  custom:framework-win-MediaFoundation: 216162199b28c13a410421893ffa2e32 -> 
  custom:container-demuxer-ogg: 62fdf1f143b41e24485cea50d1cbac27 -> 
  custom:video-decoder-webm-vp8: 9c59270c3fd7afecdb556c50c9e8de78 -> 
  custom:audio-decoder-ogg-vorbis: bf7c407c2cedff20999df2af8eb42d56 -> 
========================================================================
Received Import Request.
  Time since last request: 84.709593 seconds.
  path: Assets/Town/BrokenVector/LowPolyBrickHouses/Models/House-1-5.dae
  artifactKey: Guid(9bc22645b4e0c0c43a80a54b9ff4bee5) Importer(815301076,1909f56bfc062723c751e8b465ee728b)
Start importing Assets/Town/BrokenVector/LowPolyBrickHouses/Models/House-1-5.dae using Guid(9bc22645b4e0c0c43a80a54b9ff4bee5) Importer(815301076,1909f56bfc062723c751e8b465ee728b)  -> (artifact id: 'e6cf948cba809c1e457ff643b1d83dad') in 0.117589 seconds 
========================================================================
Received Import Request.
  Time since last request: 0.007873 seconds.
  path: Assets/Town/BrokenVector/LowPolyBrickHouses/Models/House-2-1.dae
  artifactKey: Guid(3c4ca35a21faf304c915b95f6bc988e0) Importer(815301076,1909f56bfc062723c751e8b465ee728b)
Start importing Assets/Town/BrokenVector/LowPolyBrickHouses/Models/House-2-1.dae using Guid(3c4ca35a21faf304c915b95f6bc988e0) Importer(815301076,1909f56bfc062723c751e8b465ee728b)  -> (artifact id: '17e39ccf0a511a0bee4b228dfbd68a69') in 0.030309 seconds 
========================================================================
Received Import Request.
  Time since last request: 0.002954 seconds.
  path: Assets/Town/BrokenVector/LowPolyBrickHouses/Models/Birchtree.dae
  artifactKey: Guid(24618a970dc9a1f439e636270d34311c) Importer(815301076,1909f56bfc062723c751e8b465ee728b)
Start importing Assets/Town/BrokenVector/LowPolyBrickHouses/Models/Birchtree.dae using Guid(24618a970dc9a1f439e636270d34311c) Importer(815301076,1909f56bfc062723c751e8b465ee728b)  -> (artifact id: 'bac4975960d6ab389424908f1bfb6dd3') in 0.010096 seconds 
========================================================================
Received Import Request.
  Time since last request: 0.002799 seconds.
  path: Assets/Town/BrokenVector/LowPolyBrickHouses/Models/Foliage.dae
  artifactKey: Guid(437a88a2807f70243b041aa83858dde6) Importer(815301076,1909f56bfc062723c751e8b465ee728b)
Start importing Assets/Town/BrokenVector/LowPolyBrickHouses/Models/Foliage.dae using Guid(437a88a2807f70243b041aa83858dde6) Importer(815301076,1909f56bfc062723c751e8b465ee728b)  -> (artifact id: '135a83a687fb71a7f3e76994c6fa337d') in 0.010128 seconds 
========================================================================
Received Import Request.
  Time since last request: 0.002857 seconds.
  path: Assets/Town/BrokenVector/LowPolyBrickHouses/Models/House-1-2.dae
  artifactKey: Guid(3c8ca546276c2614285d0e021f3266a1) Importer(815301076,1909f56bfc062723c751e8b465ee728b)
Start importing Assets/Town/BrokenVector/LowPolyBrickHouses/Models/House-1-2.dae using Guid(3c8ca546276c2614285d0e021f3266a1) Importer(815301076,1909f56bfc062723c751e8b465ee728b)  -> (artifact id: 'dd15b42f48c843c688e87190d505bddc') in 0.050723 seconds 
========================================================================
Received Import Request.
  Time since last request: 0.003371 seconds.
  path: Assets/Town/BrokenVector/LowPolyBrickHouses/Models/Church.dae
  artifactKey: Guid(4c8429c8065b5b24cb9f304c87141511) Importer(815301076,1909f56bfc062723c751e8b465ee728b)
Start importing Assets/Town/BrokenVector/LowPolyBrickHouses/Models/Church.dae using Guid(4c8429c8065b5b24cb9f304c87141511) Importer(815301076,1909f56bfc062723c751e8b465ee728b)  -> (artifact id: '5839069102a80a9771caed5735606504') in 0.009393 seconds 
========================================================================
Received Import Request.
  Time since last request: 0.002161 seconds.
  path: Assets/Town/BrokenVector/LowPolyBrickHouses/Models/RiverWallCorner.dae
  artifactKey: Guid(523b40a37bb96154d9b7eaa01c7d3501) Importer(815301076,1909f56bfc062723c751e8b465ee728b)
Start importing Assets/Town/BrokenVector/LowPolyBrickHouses/Models/RiverWallCorner.dae using Guid(523b40a37bb96154d9b7eaa01c7d3501) Importer(815301076,1909f56bfc062723c751e8b465ee728b)  -> (artifact id: 'b0ccef1676ca4119c02542eece6400f4') in 0.009075 seconds 
========================================================================
Received Import Request.
  Time since last request: 0.002628 seconds.
  path: Assets/Town/BrokenVector/LowPolyBrickHouses/Models/House-2-2.dae
  artifactKey: Guid(1aa74ef2ba7ca4f40aa62f4c29abefe6) Importer(815301076,1909f56bfc062723c751e8b465ee728b)
Start importing Assets/Town/BrokenVector/LowPolyBrickHouses/Models/House-2-2.dae using Guid(1aa74ef2ba7ca4f40aa62f4c29abefe6) Importer(815301076,1909f56bfc062723c751e8b465ee728b)  -> (artifact id: '6f6d59499fa6b49e8b4705b3048bf770') in 0.039265 seconds 
========================================================================
Received Import Request.
  Time since last request: 0.002863 seconds.
  path: Assets/Town/BrokenVector/LowPolyBrickHouses/Textures/GroundTiles2Normal.png
  artifactKey: Guid(6b712331c591e4744a09c3ccc974bca4) Importer(815301076,1909f56bfc062723c751e8b465ee728b)
Start importing Assets/Town/BrokenVector/LowPolyBrickHouses/Textures/GroundTiles2Normal.png using Guid(6b712331c591e4744a09c3ccc974bca4) Importer(815301076,1909f56bfc062723c751e8b465ee728b)  -> (artifact id: 'c44b40fc107e87c68187bbf3f3b2b5e2') in 0.017168 seconds 
========================================================================
Received Import Request.
  Time since last request: 0.005071 seconds.
  path: Assets/Town/BrokenVector/LowPolyBrickHouses/Textures/FoliageColor2.png
  artifactKey: Guid(6b821b5dc02bf324db0f3a88ea2a4b06) Importer(815301076,1909f56bfc062723c751e8b465ee728b)
Start importing Assets/Town/BrokenVector/LowPolyBrickHouses/Textures/FoliageColor2.png using Guid(6b821b5dc02bf324db0f3a88ea2a4b06) Importer(815301076,1909f56bfc062723c751e8b465ee728b)  -> (artifact id: '257393af1a0bb0515fa142025b3c4229') in 0.008643 seconds 
========================================================================
Received Import Request.
  Time since last request: 0.005923 seconds.
  path: Assets/Town/BrokenVector/LowPolyBrickHouses/Textures/FoliageColor.png
  artifactKey: Guid(d0fbec6c521d1a546b915793b148cc04) Importer(815301076,1909f56bfc062723c751e8b465ee728b)
Start importing Assets/Town/BrokenVector/LowPolyBrickHouses/Textures/FoliageColor.png using Guid(d0fbec6c521d1a546b915793b148cc04) Importer(815301076,1909f56bfc062723c751e8b465ee728b)  -> (artifact id: 'da30f6eb9fd93031af87db9caf883f73') in 0.006073 seconds 
========================================================================
Received Import Request.
  Time since last request: 0.004256 seconds.
  path: Assets/Town/BrokenVector/LowPolyBrickHouses/Textures/FoliageColor3.png
  artifactKey: Guid(d270edeefa7391b47b174c93f6e53c41) Importer(815301076,1909f56bfc062723c751e8b465ee728b)
Start importing Assets/Town/BrokenVector/LowPolyBrickHouses/Textures/FoliageColor3.png using Guid(d270edeefa7391b47b174c93f6e53c41) Importer(815301076,1909f56bfc062723c751e8b465ee728b)  -> (artifact id: 'df7cd7f7271e690a2cef1ebc262965d6') in 0.006910 seconds 
========================================================================
Received Import Request.
  Time since last request: 0.002771 seconds.
  path: Assets/Town/BrokenVector/LowPolyBrickHouses/Materials/Tree.mat
  artifactKey: Guid(936ea9a07db52dd44aa65b95efc50590) Importer(815301076,1909f56bfc062723c751e8b465ee728b)
Start importing Assets/Town/BrokenVector/LowPolyBrickHouses/Materials/Tree.mat using Guid(936ea9a07db52dd44aa65b95efc50590) Importer(815301076,1909f56bfc062723c751e8b465ee728b)  -> (artifact id: '28b621c63b92a5af8c7cb6c2a45db563') in 0.015495 seconds 
========================================================================
Received Import Request.
  Time since last request: 0.002710 seconds.
  path: Assets/Town/BrokenVector/LowPolyBrickHouses/Textures/FoliageNormal.png
  artifactKey: Guid(ea2cb009278a9fb458059c3f41748fea) Importer(815301076,1909f56bfc062723c751e8b465ee728b)
Start importing Assets/Town/BrokenVector/LowPolyBrickHouses/Textures/FoliageNormal.png using Guid(ea2cb009278a9fb458059c3f41748fea) Importer(815301076,1909f56bfc062723c751e8b465ee728b)  -> (artifact id: '5a9586ca486601db2f8d5d7480892d93') in 0.006452 seconds 
========================================================================
Received Import Request.
  Time since last request: 0.006540 seconds.
  path: Assets/Town/BrokenVector/LowPolyBrickHouses/Palettes/Houses Colorscheme 2.png
  artifactKey: Guid(705a647f8ab59aa418d6338f36c236e9) Importer(815301076,1909f56bfc062723c751e8b465ee728b)
Start importing Assets/Town/BrokenVector/LowPolyBrickHouses/Palettes/Houses Colorscheme 2.png using Guid(705a647f8ab59aa418d6338f36c236e9) Importer(815301076,1909f56bfc062723c751e8b465ee728b)  -> (artifact id: '2eb825ac5a0358cac970137cbaaf3da5') in 0.005603 seconds 
========================================================================
Received Import Request.
  Time since last request: 0.002217 seconds.
  path: Assets/Town/BrokenVector/LowPolyBrickHouses/Scripts/ModelCustomizer.cs
  artifactKey: Guid(aac844047b5e1f742a053d9e3856b2ea) Importer(815301076,1909f56bfc062723c751e8b465ee728b)
Start importing Assets/Town/BrokenVector/LowPolyBrickHouses/Scripts/ModelCustomizer.cs using Guid(aac844047b5e1f742a053d9e3856b2ea) Importer(815301076,1909f56bfc062723c751e8b465ee728b)  -> (artifact id: 'e1a1f1115fbbd361920c2f35669317f8') in 0.003442 seconds 
========================================================================
Received Import Request.
  Time since last request: 0.000015 seconds.
  path: Assets/Town/BrokenVector/LowPolyBrickHouses/Models/Foliage2.dae
  artifactKey: Guid(76ef5d7356ad88347b084f32b454ba36) Importer(815301076,1909f56bfc062723c751e8b465ee728b)
Start importing Assets/Town/BrokenVector/LowPolyBrickHouses/Models/Foliage2.dae using Guid(76ef5d7356ad88347b084f32b454ba36) Importer(815301076,1909f56bfc062723c751e8b465ee728b)  -> (artifact id: 'f9112545ce6df0285cdb436c3e876926') in 0.011108 seconds 
========================================================================
Received Import Request.
  Time since last request: 0.002652 seconds.
  path: Assets/Town/LowPolyWater_Pack/Shaders/WaterShaded.shader
  artifactKey: Guid(16516895e8a79bf49a6562c3c3b84cbf) Importer(815301076,1909f56bfc062723c751e8b465ee728b)
Start importing Assets/Town/LowPolyWater_Pack/Shaders/WaterShaded.shader using Guid(16516895e8a79bf49a6562c3c3b84cbf) Importer(815301076,1909f56bfc062723c751e8b465ee728b)  -> (artifact id: '05b7a0a6aca6329996075ba53b2919e6') in 0.002139 seconds 
========================================================================
Received Import Request.
  Time since last request: 0.001147 seconds.
  path: Assets/Town/BrokenVector/LowPolyBrickHouses/Materials/Foliage_3.mat
  artifactKey: Guid(bf38be5702209e74795ead7610f44046) Importer(815301076,1909f56bfc062723c751e8b465ee728b)
Start importing Assets/Town/BrokenVector/LowPolyBrickHouses/Materials/Foliage_3.mat using Guid(bf38be5702209e74795ead7610f44046) Importer(815301076,1909f56bfc062723c751e8b465ee728b)  -> (artifact id: '9c98b6daee76288d707e1c83f1f4690f') in 0.010664 seconds 
========================================================================
Received Import Request.
  Time since last request: 0.004153 seconds.
  path: Assets/Town/LowPolyWater_Pack/Scripts/LowPolyWater.cs
  artifactKey: Guid(5c6a6df342b52d24092cf6bbb590c535) Importer(815301076,1909f56bfc062723c751e8b465ee728b)
Start importing Assets/Town/LowPolyWater_Pack/Scripts/LowPolyWater.cs using Guid(5c6a6df342b52d24092cf6bbb590c535) Importer(815301076,1909f56bfc062723c751e8b465ee728b)  -> (artifact id: '552dfa5ff6d9e0dcb6e8909f2cd82f33') in 0.000870 seconds 
========================================================================
Received Import Request.
  Time since last request: 0.000251 seconds.
  path: Assets/Town/BrokenVector/LowPolyBrickHouses/Models/House-1-1.dae
  artifactKey: Guid(210b25fa5e334f74f87c05db00ca2e49) Importer(815301076,1909f56bfc062723c751e8b465ee728b)
Start importing Assets/Town/BrokenVector/LowPolyBrickHouses/Models/House-1-1.dae using Guid(210b25fa5e334f74f87c05db00ca2e49) Importer(815301076,1909f56bfc062723c751e8b465ee728b)  -> (artifact id: 'b6e088a498e59244f8a77d42e1cf2b8f') in 0.062590 seconds 
========================================================================
Received Import Request.
  Time since last request: 0.003218 seconds.
  path: Assets/Town/BrokenVector/LowPolyBrickHouses/Textures/GroundTiles2Color.png
  artifactKey: Guid(ae282d195d95e5c45a8fec50f615c407) Importer(815301076,1909f56bfc062723c751e8b465ee728b)
Start importing Assets/Town/BrokenVector/LowPolyBrickHouses/Textures/GroundTiles2Color.png using Guid(ae282d195d95e5c45a8fec50f615c407) Importer(815301076,1909f56bfc062723c751e8b465ee728b)  -> (artifact id: '1634547e602164550472066f247dc858') in 0.006678 seconds 
========================================================================
Received Import Request.
  Time since last request: 0.002547 seconds.
  path: Assets/Town/BrokenVector/LowPolyBrickHouses/Materials/Foliage_1.mat
  artifactKey: Guid(06bb39478e17b0d49809e040af6f6775) Importer(815301076,1909f56bfc062723c751e8b465ee728b)
Start importing Assets/Town/BrokenVector/LowPolyBrickHouses/Materials/Foliage_1.mat using Guid(06bb39478e17b0d49809e040af6f6775) Importer(815301076,1909f56bfc062723c751e8b465ee728b)  -> (artifact id: '463d5fe355256951dc557ec98cf869ea') in 0.008038 seconds 
========================================================================
Received Import Request.
  Time since last request: 0.002340 seconds.
  path: Assets/Town/BrokenVector/LowPolyBrickHouses/Textures/FoliageNormal2.png
  artifactKey: Guid(2e04c7ef89b730b488b0d222e3bfdde6) Importer(815301076,1909f56bfc062723c751e8b465ee728b)
Start importing Assets/Town/BrokenVector/LowPolyBrickHouses/Textures/FoliageNormal2.png using Guid(2e04c7ef89b730b488b0d222e3bfdde6) Importer(815301076,1909f56bfc062723c751e8b465ee728b)  -> (artifact id: '057fd460c1413eab89650388513b105f') in 0.007105 seconds 
========================================================================
Received Import Request.
  Time since last request: 0.002288 seconds.
  path: Assets/Town/BrokenVector/LowPolyBrickHouses/Materials/Houses_2.mat
  artifactKey: Guid(35b3f8b0173dcad42a78d7ace2476948) Importer(815301076,1909f56bfc062723c751e8b465ee728b)
Start importing Assets/Town/BrokenVector/LowPolyBrickHouses/Materials/Houses_2.mat using Guid(35b3f8b0173dcad42a78d7ace2476948) Importer(815301076,1909f56bfc062723c751e8b465ee728b)  -> (artifact id: '42d14407b69b3c27ec0db62f9069ff34') in 0.006636 seconds 
========================================================================
Received Import Request.
  Time since last request: 0.004619 seconds.
  path: Assets/Town/BrokenVector/LowPolyBrickHouses/Models/House-1-3.dae
  artifactKey: Guid(d67f77292d7829d4a848cefa1f0f4b3e) Importer(815301076,1909f56bfc062723c751e8b465ee728b)
Start importing Assets/Town/BrokenVector/LowPolyBrickHouses/Models/House-1-3.dae using Guid(d67f77292d7829d4a848cefa1f0f4b3e) Importer(815301076,1909f56bfc062723c751e8b465ee728b)  -> (artifact id: 'c96e72d846d44795ac71391bdd0d8652') in 0.053006 seconds 
========================================================================
Received Import Request.
  Time since last request: 0.002656 seconds.
  path: Assets/Town/BrokenVector/LowPolyBrickHouses/Materials/Foliage_2.mat
  artifactKey: Guid(b131c7d427ad4cc4fae5e5656b96fdec) Importer(815301076,1909f56bfc062723c751e8b465ee728b)
Start importing Assets/Town/BrokenVector/LowPolyBrickHouses/Materials/Foliage_2.mat using Guid(b131c7d427ad4cc4fae5e5656b96fdec) Importer(815301076,1909f56bfc062723c751e8b465ee728b)  -> (artifact id: 'c7a98ae0ff665a0e51789537e81a6263') in 0.008007 seconds 
========================================================================
Received Import Request.
  Time since last request: 0.002536 seconds.
  path: Assets/Town/BrokenVector/LowPolyBrickHouses/Models/Lighthouse.dae
  artifactKey: Guid(3f9c587848c1bb7448bc18b72dab545d) Importer(815301076,1909f56bfc062723c751e8b465ee728b)
Start importing Assets/Town/BrokenVector/LowPolyBrickHouses/Models/Lighthouse.dae using Guid(3f9c587848c1bb7448bc18b72dab545d) Importer(815301076,1909f56bfc062723c751e8b465ee728b)  -> (artifact id: '6d07573b974274bfd2c159da5e062b1b') in 0.009888 seconds 
========================================================================
Received Import Request.
  Time since last request: 0.006099 seconds.
  path: Assets/Town/BrokenVector/LowPolyBrickHouses/Shaders/FoliageShader.shader
  artifactKey: Guid(5fdc362fc1115e146b9261baf094712a) Importer(815301076,1909f56bfc062723c751e8b465ee728b)
Start importing Assets/Town/BrokenVector/LowPolyBrickHouses/Shaders/FoliageShader.shader using Guid(5fdc362fc1115e146b9261baf094712a) Importer(815301076,1909f56bfc062723c751e8b465ee728b)  -> (artifact id: '00a77443a4f3b874a8b2c4cfdaaac7b0') in 0.001196 seconds 
========================================================================
Received Import Request.
  Time since last request: 0.000014 seconds.
  path: Assets/Town/BrokenVector/LowPolyBrickHouses/Palettes/TreesColorscheme.png
  artifactKey: Guid(1fdec4ea7587bed46a315d29b7f8584d) Importer(815301076,1909f56bfc062723c751e8b465ee728b)
Start importing Assets/Town/BrokenVector/LowPolyBrickHouses/Palettes/TreesColorscheme.png using Guid(1fdec4ea7587bed46a315d29b7f8584d) Importer(815301076,1909f56bfc062723c751e8b465ee728b)  -> (artifact id: '60a56314ee4d62e6268aac723c52a6e0') in 0.005115 seconds 
========================================================================
Received Import Request.
  Time since last request: 0.002412 seconds.
  path: Assets/Town/BrokenVector/LowPolyBrickHouses/Models/House-1-4.dae
  artifactKey: Guid(9e611b8be7b5ed64596b5b1b9c0040b9) Importer(815301076,1909f56bfc062723c751e8b465ee728b)
Start importing Assets/Town/BrokenVector/LowPolyBrickHouses/Models/House-1-4.dae using Guid(9e611b8be7b5ed64596b5b1b9c0040b9) Importer(815301076,1909f56bfc062723c751e8b465ee728b)  -> (artifact id: 'a5e04768e024828e37a4a27c7d7b1e0e') in 0.045812 seconds 
========================================================================
Received Import Request.
  Time since last request: 0.004758 seconds.
  path: Assets/Town/BrokenVector/LowPolyBrickHouses/Editor/ModelCustomizerInspector.cs
  artifactKey: Guid(3b1136e6fcf8fb940a8f843096ca599c) Importer(815301076,1909f56bfc062723c751e8b465ee728b)
Start importing Assets/Town/BrokenVector/LowPolyBrickHouses/Editor/ModelCustomizerInspector.cs using Guid(3b1136e6fcf8fb940a8f843096ca599c) Importer(815301076,1909f56bfc062723c751e8b465ee728b)  -> (artifact id: 'bec4bf0dcc5563a29b41c1414b1f1a21') in 0.000877 seconds 
========================================================================
Received Import Request.
  Time since last request: 0.000835 seconds.
  path: Assets/Town/BrokenVector/LowPolyBrickHouses/Textures/FoliageNormal3.png
  artifactKey: Guid(ba2c29399a792194193030e32a0d3a29) Importer(815301076,1909f56bfc062723c751e8b465ee728b)
Start importing Assets/Town/BrokenVector/LowPolyBrickHouses/Textures/FoliageNormal3.png using Guid(ba2c29399a792194193030e32a0d3a29) Importer(815301076,1909f56bfc062723c751e8b465ee728b)  -> (artifact id: '65d947a53e44b0bcda56cbb931a4a298') in 0.006770 seconds 
========================================================================
Received Import Request.
  Time since last request: 0.002640 seconds.
  path: Assets/Town/BrokenVector/LowPolyBrickHouses/Materials/Glass.mat
  artifactKey: Guid(97bc790d31a703e4f93d2e8c47b7594f) Importer(815301076,1909f56bfc062723c751e8b465ee728b)
Start importing Assets/Town/BrokenVector/LowPolyBrickHouses/Materials/Glass.mat using Guid(97bc790d31a703e4f93d2e8c47b7594f) Importer(815301076,1909f56bfc062723c751e8b465ee728b)  -> (artifact id: 'd5a0de5d8fcadf7a61afd3fad89c5795') in 0.007648 seconds 
========================================================================
Received Import Request.
  Time since last request: 0.003966 seconds.
  path: Assets/Town/BrokenVector/LowPolyBrickHouses/Materials/Ground/Ground_Tiles_2.mat
  artifactKey: Guid(b8724dffa3024984c91406a3684d6761) Importer(815301076,1909f56bfc062723c751e8b465ee728b)
Start importing Assets/Town/BrokenVector/LowPolyBrickHouses/Materials/Ground/Ground_Tiles_2.mat using Guid(b8724dffa3024984c91406a3684d6761) Importer(815301076,1909f56bfc062723c751e8b465ee728b)  -> (artifact id: '7b9c6f9cc655bf0f27a4bdae4dbced95') in 0.008804 seconds 
========================================================================
Received Import Request.
  Time since last request: 0.002396 seconds.
  path: Assets/Town/BrokenVector/LowPolyBrickHouses/Models/Foliage3.dae
  artifactKey: Guid(63b79f7844d94264e82f52f33f831c0f) Importer(815301076,1909f56bfc062723c751e8b465ee728b)
Start importing Assets/Town/BrokenVector/LowPolyBrickHouses/Models/Foliage3.dae using Guid(63b79f7844d94264e82f52f33f831c0f) Importer(815301076,1909f56bfc062723c751e8b465ee728b)  -> (artifact id: '5b00b0194b56b67c5f8cb49b2b36a494') in 0.010284 seconds 
========================================================================
Received Import Request.
  Time since last request: 0.003546 seconds.
  path: Assets/Town/LowPolyWater_Pack/Scripts/Editor/GeneratePlane.cs
  artifactKey: Guid(6fe99e92f179e48498503818d15ac6aa) Importer(815301076,1909f56bfc062723c751e8b465ee728b)
Start importing Assets/Town/LowPolyWater_Pack/Scripts/Editor/GeneratePlane.cs using Guid(6fe99e92f179e48498503818d15ac6aa) Importer(815301076,1909f56bfc062723c751e8b465ee728b)  -> (artifact id: 'f5a8abe10f869ca22d91d4735871afa7') in 0.000936 seconds 
