Using pre-set license
Built from '2021.2/staging' branch; Version is '2021.2.16f1 (559fc0ec6670) revision 5611456'; Using compiler version '192829333'; Build Type 'Release'
OS: 'Windows 11  (10.0.22000) 64bit Enterprise' Language: 'en' Physical Memory: 16125 MB
BatchMode: 1, IsHumanControllingUs: 0, StartBugReporterOnCrash: 0, Is64bit: 1, IsPro: 1

COMMAND LINE ARGUMENTS:
C:\Program Files\Unity\Hub\Editor\2021.2.16f1\Editor\Unity.exe
-adb2
-batchMode
-noUpm
-name
AssetImportWorker0
-projectPath
C:/UnityProjects/Parkour
-logFile
Logs/AssetImportWorker0.log
-srvPort
64701
Successfully changed project path to: C:/UnityProjects/Parkour
C:/UnityProjects/Parkour
[UnityMemory] Configuration Parameters - Can be set up in boot.config
    "memorysetup-bucket-allocator-granularity=16"
    "memorysetup-bucket-allocator-bucket-count=8"
    "memorysetup-bucket-allocator-block-size=33554432"
    "memorysetup-bucket-allocator-block-count=8"
    "memorysetup-main-allocator-block-size=16777216"
    "memorysetup-thread-allocator-block-size=16777216"
    "memorysetup-gfx-main-allocator-block-size=16777216"
    "memorysetup-gfx-thread-allocator-block-size=16777216"
    "memorysetup-cache-allocator-block-size=4194304"
    "memorysetup-typetree-allocator-block-size=2097152"
    "memorysetup-profiler-bucket-allocator-granularity=16"
    "memorysetup-profiler-bucket-allocator-bucket-count=8"
    "memorysetup-profiler-bucket-allocator-block-size=33554432"
    "memorysetup-profiler-bucket-allocator-block-count=8"
    "memorysetup-profiler-allocator-block-size=16777216"
    "memorysetup-profiler-editor-allocator-block-size=1048576"
    "memorysetup-temp-allocator-size-main=16777216"
    "memorysetup-job-temp-allocator-block-size=2097152"
    "memorysetup-job-temp-allocator-block-size-background=1048576"
    "memorysetup-job-temp-allocator-reduction-small-platforms=262144"
    "memorysetup-temp-allocator-size-background-worker=32768"
    "memorysetup-temp-allocator-size-job-worker=262144"
    "memorysetup-temp-allocator-size-preload-manager=33554432"
    "memorysetup-temp-allocator-size-nav-mesh-worker=65536"
    "memorysetup-temp-allocator-size-audio-worker=65536"
    "memorysetup-temp-allocator-size-cloud-worker=32768"
    "memorysetup-temp-allocator-size-gi-baking-worker=262144"
    "memorysetup-temp-allocator-size-gfx=262144"
Refreshing native plugins compatible for Editor in 64.87 ms, found 3 plugins.
Preloading 0 native plugins for Editor in 0.00 ms.
Initialize engine version: 2021.2.16f1 (559fc0ec6670)
[Subsystems] Discovering subsystems at path C:/Program Files/Unity/Hub/Editor/2021.2.16f1/Editor/Data/Resources/UnitySubsystems
[Subsystems] Discovering subsystems at path C:/UnityProjects/Parkour/Assets
GfxDevice: creating device client; threaded=0; jobified=0
Direct3D:
    Version:  Direct3D 11.0 [level 11.1]
    Renderer: NVIDIA GeForce RTX 3060 Laptop GPU (ID=0x2520)
    Vendor:   NVIDIA
    VRAM:     6023 MB
    Driver:   30.0.15.1179
Initialize mono
Mono path[0] = 'C:/Program Files/Unity/Hub/Editor/2021.2.16f1/Editor/Data/Managed'
Mono path[1] = 'C:/Program Files/Unity/Hub/Editor/2021.2.16f1/Editor/Data/MonoBleedingEdge/lib/mono/unityjit-win32'
Mono config path = 'C:/Program Files/Unity/Hub/Editor/2021.2.16f1/Editor/Data/MonoBleedingEdge/etc'
Using monoOptions --debugger-agent=transport=dt_socket,embedding=1,server=y,suspend=n,address=127.0.0.1:56500
Begin MonoManager ReloadAssembly
Registering precompiled unity dll's ...
Register platform support module: C:/Program Files/Unity/Hub/Editor/2021.2.16f1/Editor/Data/PlaybackEngines/WebGLSupport/UnityEditor.WebGL.Extensions.dll
Register platform support module: C:/Program Files/Unity/Hub/Editor/2021.2.16f1/Editor/Data/PlaybackEngines/MacStandaloneSupport/UnityEditor.OSXStandalone.Extensions.dll
Register platform support module: C:/Program Files/Unity/Hub/Editor/2021.2.16f1/Editor/Data/PlaybackEngines/AndroidPlayer/UnityEditor.Android.Extensions.dll
Register platform support module: C:/Program Files/Unity/Hub/Editor/2021.2.16f1/Editor/Data/PlaybackEngines/iOSSupport/UnityEditor.iOS.Extensions.dll
Register platform support module: C:/Program Files/Unity/Hub/Editor/2021.2.16f1/Editor/Data/PlaybackEngines/WindowsStandaloneSupport/UnityEditor.WindowsStandalone.Extensions.dll
Register platform support module: C:/Program Files/Unity/Hub/Editor/2021.2.16f1/Editor/Data/PlaybackEngines/MetroSupport/UnityEditor.UWP.Extensions.dll
Registered in 0.005673 seconds.
Native extension for UWP target not found
Native extension for WindowsStandalone target not found
[usbmuxd] Start listen thread
[usbmuxd] Listen thread started
Native extension for iOS target not found
Native extension for Android target not found
Native extension for OSXStandalone target not found
Native extension for WebGL target not found
Refreshing native plugins compatible for Editor in 64.97 ms, found 3 plugins.
Preloading 0 native plugins for Editor in 0.00 ms.
Mono: successfully reloaded assembly
- Completed reload, in  0.509 seconds
Domain Reload Profiling:
	ReloadAssembly (509ms)
		BeginReloadAssembly (56ms)
			ExecutionOrderSort (0ms)
			DisableScriptedObjects (0ms)
			BackupInstance (0ms)
			ReleaseScriptingObjects (0ms)
			CreateAndSetChildDomain (1ms)
		EndReloadAssembly (363ms)
			LoadAssemblies (55ms)
			RebuildTransferFunctionScriptingTraits (0ms)
			SetupTypeCache (80ms)
			ReleaseScriptCaches (0ms)
			RebuildScriptCaches (22ms)
			SetupLoadedEditorAssemblies (223ms)
				LogAssemblyErrors (0ms)
				InitializePlatformSupportModulesInManaged (51ms)
				SetLoadedEditorAssemblies (0ms)
				RefreshPlugins (65ms)
				BeforeProcessingInitializeOnLoad (1ms)
				ProcessInitializeOnLoadAttributes (73ms)
				ProcessInitializeOnLoadMethodAttributes (32ms)
				AfterProcessingInitializeOnLoad (0ms)
				EditorAssembliesLoaded (0ms)
			ExecutionOrderSort2 (0ms)
			AwakeInstancesAfterBackupRestoration (0ms)
Platform modules already initialized, skipping
Registering precompiled user dll's ...
Registered in 0.002782 seconds.
Begin MonoManager ReloadAssembly
Symbol file LoadedFromMemory doesn't match image C:\UnityProjects\Parkour\Library\PackageCache\com.unity.visualscripting@1.7.6\Editor\VisualScripting.Core\Dependencies\YamlDotNet\Unity.VisualScripting.YamlDotNet.dll
Symbol file LoadedFromMemory doesn't match image C:\UnityProjects\Parkour\Library\PackageCache\com.unity.visualscripting@1.7.6\Editor\VisualScripting.Core\Dependencies\DotNetZip\Unity.VisualScripting.IonicZip.dll
Native extension for UWP target not found
Native extension for WindowsStandalone target not found
Native extension for iOS target not found
Native extension for Android target not found
Native extension for OSXStandalone target not found
Native extension for WebGL target not found
Refreshing native plugins compatible for Editor in 0.45 ms, found 3 plugins.
Preloading 0 native plugins for Editor in 0.00 ms.
Mono: successfully reloaded assembly
- Completed reload, in  0.880 seconds
Domain Reload Profiling:
	ReloadAssembly (880ms)
		BeginReloadAssembly (187ms)
			ExecutionOrderSort (0ms)
			DisableScriptedObjects (5ms)
			BackupInstance (0ms)
			ReleaseScriptingObjects (0ms)
			CreateAndSetChildDomain (118ms)
		EndReloadAssembly (604ms)
			LoadAssemblies (58ms)
			RebuildTransferFunctionScriptingTraits (0ms)
			SetupTypeCache (188ms)
			ReleaseScriptCaches (0ms)
			RebuildScriptCaches (51ms)
			SetupLoadedEditorAssemblies (266ms)
				LogAssemblyErrors (0ms)
				InitializePlatformSupportModulesInManaged (20ms)
				SetLoadedEditorAssemblies (0ms)
				RefreshPlugins (0ms)
				BeforeProcessingInitializeOnLoad (64ms)
				ProcessInitializeOnLoadAttributes (160ms)
				ProcessInitializeOnLoadMethodAttributes (17ms)
				AfterProcessingInitializeOnLoad (4ms)
				EditorAssembliesLoaded (0ms)
			ExecutionOrderSort2 (0ms)
			AwakeInstancesAfterBackupRestoration (4ms)
Platform modules already initialized, skipping
========================================================================
Worker process is ready to serve import requests
Launched and connected shader compiler UnityShaderCompiler.exe after 0.03 seconds
Refreshing native plugins compatible for Editor in 0.52 ms, found 3 plugins.
Preloading 0 native plugins for Editor in 0.00 ms.
Unloading 3232 Unused Serialized files (Serialized files now loaded: 0)
Unloading 23 unused Assets / (112.6 KB). Loaded Objects now: 3713.
Memory consumption went from 126.3 MB to 126.2 MB.
Total: 2.553300 ms (FindLiveObjects: 0.301600 ms CreateObjectMapping: 0.086900 ms MarkObjects: 2.056700 ms  DeleteObjects: 0.106500 ms)

AssetImportParameters requested are different than current active one (requested -> active):
  custom:video-decoder-ogg-theora: a1e56fd34408186e4bbccfd4996cb3dc -> 
  custom:container-muxer-webm: aa71ff27fc2769a1b78a27578f13a17b -> 
  custom:container-demuxer-webm: 4f35f7cbe854078d1ac9338744f61a02 -> 
  custom:video-encoder-webm-vp8: eb34c28f22e8b96e1ab97ce403110664 -> 
  custom:audio-encoder-webm-vorbis: bf7c407c2cedff20999df2af8eb42d56 -> 
  custom:framework-win-MediaFoundation: 216162199b28c13a410421893ffa2e32 -> 
  custom:container-demuxer-ogg: 62fdf1f143b41e24485cea50d1cbac27 -> 
  custom:video-decoder-webm-vp8: 9c59270c3fd7afecdb556c50c9e8de78 -> 
  custom:audio-decoder-ogg-vorbis: bf7c407c2cedff20999df2af8eb42d56 -> 
========================================================================
Received Import Request.
  Time since last request: 4000.832647 seconds.
  path: Assets/BrokenVector/LowPolyBrickHouses
  artifactKey: Guid(054997156fd56334e94af659a44cdfe7) Importer(815301076,1909f56bfc062723c751e8b465ee728b)
Start importing Assets/BrokenVector/LowPolyBrickHouses using Guid(054997156fd56334e94af659a44cdfe7) Importer(815301076,1909f56bfc062723c751e8b465ee728b)  -> (artifact id: 'b06a6bf2e81331545e5d7ecda88e75db') in 0.006634 seconds 
========================================================================
Received Import Request.
  Time since last request: 0.000025 seconds.
  path: Assets/BrokenVector/LowPolyBrickHouses/Models
  artifactKey: Guid(ae23bc7f6d6fe9d47a4e2f0eebc575fd) Importer(815301076,1909f56bfc062723c751e8b465ee728b)
Start importing Assets/BrokenVector/LowPolyBrickHouses/Models using Guid(ae23bc7f6d6fe9d47a4e2f0eebc575fd) Importer(815301076,1909f56bfc062723c751e8b465ee728b)  -> (artifact id: 'a1d84385f28fded74082006093a750c1') in 0.002042 seconds 
========================================================================
Received Import Request.
  Time since last request: 0.000029 seconds.
  path: Assets/BrokenVector/LowPolyShaders
  artifactKey: Guid(ea8727c42543bb84b900717fbcae9516) Importer(815301076,1909f56bfc062723c751e8b465ee728b)
Start importing Assets/BrokenVector/LowPolyShaders using Guid(ea8727c42543bb84b900717fbcae9516) Importer(815301076,1909f56bfc062723c751e8b465ee728b)  -> (artifact id: '46963db52a9af4ca63adf319bba41c1a') in 0.001723 seconds 
========================================================================
Received Import Request.
  Time since last request: 0.837113 seconds.
  path: Assets/BrokenVector/LowPolyBrickHouses/Scenes
  artifactKey: Guid(a91133a2d509e7a47b68cc2b2ef3b5f2) Importer(815301076,1909f56bfc062723c751e8b465ee728b)
Start importing Assets/BrokenVector/LowPolyBrickHouses/Scenes using Guid(a91133a2d509e7a47b68cc2b2ef3b5f2) Importer(815301076,1909f56bfc062723c751e8b465ee728b)  -> (artifact id: '75a219420f9d3b53973ff53c5c933669') in 0.001244 seconds 
========================================================================
Received Import Request.
  Time since last request: 0.733962 seconds.
  path: Assets/BrokenVector/LowPolyBrickHouses/Scenes/AllAssets.unity
  artifactKey: Guid(5ebafd63f7789e648a906f7dfe3a8529) Importer(815301076,1909f56bfc062723c751e8b465ee728b)
Start importing Assets/BrokenVector/LowPolyBrickHouses/Scenes/AllAssets.unity using Guid(5ebafd63f7789e648a906f7dfe3a8529) Importer(815301076,1909f56bfc062723c751e8b465ee728b)  -> (artifact id: 'cbe316e9ce8193c9dce7b2b9c1099a00') in 0.001186 seconds 
========================================================================
Received Import Request.
  Time since last request: 0.410864 seconds.
  path: Assets/BrokenVector/LowPolyBrickHouses/Scenes/ExampleScene.unity
  artifactKey: Guid(e21e59967b1933d43a5e84a46ab9afe8) Importer(815301076,1909f56bfc062723c751e8b465ee728b)
Start importing Assets/BrokenVector/LowPolyBrickHouses/Scenes/ExampleScene.unity using Guid(e21e59967b1933d43a5e84a46ab9afe8) Importer(815301076,1909f56bfc062723c751e8b465ee728b)  -> (artifact id: 'f4f9e32ec32c876d177344c2fe33ccfa') in 0.001247 seconds 
========================================================================
Received Prepare
Registering precompiled user dll's ...
Registered in 0.003725 seconds.
Begin MonoManager ReloadAssembly
Symbol file LoadedFromMemory doesn't match image C:\UnityProjects\Parkour\Library\PackageCache\com.unity.visualscripting@1.7.6\Editor\VisualScripting.Core\Dependencies\YamlDotNet\Unity.VisualScripting.YamlDotNet.dll
Symbol file LoadedFromMemory doesn't match image C:\UnityProjects\Parkour\Library\PackageCache\com.unity.visualscripting@1.7.6\Editor\VisualScripting.Core\Dependencies\DotNetZip\Unity.VisualScripting.IonicZip.dll
Native extension for UWP target not found
Native extension for WindowsStandalone target not found
Native extension for iOS target not found
Native extension for Android target not found
Native extension for OSXStandalone target not found
Native extension for WebGL target not found
Refreshing native plugins compatible for Editor in 0.47 ms, found 3 plugins.
Preloading 0 native plugins for Editor in 0.00 ms.
Mono: successfully reloaded assembly
- Completed reload, in  0.858 seconds
Domain Reload Profiling:
	ReloadAssembly (858ms)
		BeginReloadAssembly (127ms)
			ExecutionOrderSort (0ms)
			DisableScriptedObjects (4ms)
			BackupInstance (0ms)
			ReleaseScriptingObjects (0ms)
			CreateAndSetChildDomain (41ms)
		EndReloadAssembly (637ms)
			LoadAssemblies (73ms)
			RebuildTransferFunctionScriptingTraits (0ms)
			SetupTypeCache (251ms)
			ReleaseScriptCaches (2ms)
			RebuildScriptCaches (35ms)
			SetupLoadedEditorAssemblies (250ms)
				LogAssemblyErrors (0ms)
				InitializePlatformSupportModulesInManaged (29ms)
				SetLoadedEditorAssemblies (0ms)
				RefreshPlugins (1ms)
				BeforeProcessingInitializeOnLoad (48ms)
				ProcessInitializeOnLoadAttributes (152ms)
				ProcessInitializeOnLoadMethodAttributes (16ms)
				AfterProcessingInitializeOnLoad (5ms)
				EditorAssembliesLoaded (0ms)
			ExecutionOrderSort2 (0ms)
			AwakeInstancesAfterBackupRestoration (5ms)
Platform modules already initialized, skipping
Refreshing native plugins compatible for Editor in 1.78 ms, found 3 plugins.
Preloading 0 native plugins for Editor in 0.00 ms.
Unloading 3226 Unused Serialized files (Serialized files now loaded: 0)
Unloading 17 unused Assets / (303.4 KB). Loaded Objects now: 3719.
Memory consumption went from 126.5 MB to 126.2 MB.
Total: 3.339900 ms (FindLiveObjects: 0.617400 ms CreateObjectMapping: 0.102000 ms MarkObjects: 2.446400 ms  DeleteObjects: 0.173100 ms)

AssetImportParameters requested are different than current active one (requested -> active):
  custom:video-decoder-ogg-theora: a1e56fd34408186e4bbccfd4996cb3dc -> 
  custom:container-muxer-webm: aa71ff27fc2769a1b78a27578f13a17b -> 
  custom:container-demuxer-webm: 4f35f7cbe854078d1ac9338744f61a02 -> 
  custom:video-encoder-webm-vp8: eb34c28f22e8b96e1ab97ce403110664 -> 
  custom:audio-encoder-webm-vorbis: bf7c407c2cedff20999df2af8eb42d56 -> 
  custom:framework-win-MediaFoundation: 216162199b28c13a410421893ffa2e32 -> 
  custom:container-demuxer-ogg: 62fdf1f143b41e24485cea50d1cbac27 -> 
  custom:video-decoder-webm-vp8: 9c59270c3fd7afecdb556c50c9e8de78 -> 
  custom:audio-decoder-ogg-vorbis: bf7c407c2cedff20999df2af8eb42d56 -> 
========================================================================
Received Import Request.
  Time since last request: 69.266371 seconds.
  path: Assets/Scenes
  artifactKey: Guid(6ea315d0fd7389c41b19996891e99ae3) Importer(815301076,1909f56bfc062723c751e8b465ee728b)
Start importing Assets/Scenes using Guid(6ea315d0fd7389c41b19996891e99ae3) Importer(815301076,1909f56bfc062723c751e8b465ee728b)  -> (artifact id: 'b8193726cff86800c54781cdc6d54904') in 0.006774 seconds 
========================================================================
Received Import Request.
  Time since last request: 4.363072 seconds.
  path: Assets/Scenes/town.unity
  artifactKey: Guid(ed3b0a82b0fc2904a8d4223834b65556) Importer(815301076,1909f56bfc062723c751e8b465ee728b)
Start importing Assets/Scenes/town.unity using Guid(ed3b0a82b0fc2904a8d4223834b65556) Importer(815301076,1909f56bfc062723c751e8b465ee728b)  -> (artifact id: '6a66e3411a407aa51c6a85ac8e1ee9d4') in 0.003882 seconds 
========================================================================
Received Import Request.
  Time since last request: 182.352838 seconds.
  path: Assets/BrokenVector/LowPolyBrickHouses/Prefabs/Bench.prefab
  artifactKey: Guid(cdceb42320b2935458d9cb4f6e9a6664) Importer(815301076,1909f56bfc062723c751e8b465ee728b)
Start importing Assets/BrokenVector/LowPolyBrickHouses/Prefabs/Bench.prefab using Guid(cdceb42320b2935458d9cb4f6e9a6664) Importer(815301076,1909f56bfc062723c751e8b465ee728b)  -> (artifact id: '67542925d74d980433a8e0f072538b82') in 0.221738 seconds 
========================================================================
Received Import Request.
  Time since last request: 0.000019 seconds.
  path: Assets/BrokenVector/LowPolyBrickHouses/Prefabs/RiverLand.prefab
  artifactKey: Guid(f7752189d25c7ce4887212db1164ed51) Importer(815301076,1909f56bfc062723c751e8b465ee728b)
Start importing Assets/BrokenVector/LowPolyBrickHouses/Prefabs/RiverLand.prefab using Guid(f7752189d25c7ce4887212db1164ed51) Importer(815301076,1909f56bfc062723c751e8b465ee728b)  -> (artifact id: '3cc2779f83f9f8fe2e873b77977a689d') in 0.009811 seconds 
========================================================================
Received Import Request.
  Time since last request: 0.000031 seconds.
  path: Assets/BrokenVector/LowPolyBrickHouses/Prefabs/RiverWallCorner.prefab
  artifactKey: Guid(78c5bede736cca04ea483d26c7811ed9) Importer(815301076,1909f56bfc062723c751e8b465ee728b)
Start importing Assets/BrokenVector/LowPolyBrickHouses/Prefabs/RiverWallCorner.prefab using Guid(78c5bede736cca04ea483d26c7811ed9) Importer(815301076,1909f56bfc062723c751e8b465ee728b)  -> (artifact id: 'aabb7cb7c93abfec9a1342b2905625e6') in 0.195009 seconds 
========================================================================
Received Import Request.
  Time since last request: 0.000015 seconds.
  path: Assets/BrokenVector/LowPolyBrickHouses/Prefabs/House_6.prefab
  artifactKey: Guid(5ff647d15160e7e42917b3e338c66c66) Importer(815301076,1909f56bfc062723c751e8b465ee728b)
Start importing Assets/BrokenVector/LowPolyBrickHouses/Prefabs/House_6.prefab using Guid(5ff647d15160e7e42917b3e338c66c66) Importer(815301076,1909f56bfc062723c751e8b465ee728b)  -> (artifact id: '52b7036a4f2c3b9f401ac46716d8b61a') in 0.010052 seconds 
========================================================================
Received Import Request.
  Time since last request: 0.000046 seconds.
  path: Assets/BrokenVector/LowPolyBrickHouses/Prefabs/RiverWallOpen.prefab
  artifactKey: Guid(dd6f629302f173646a25d46dbd945d78) Importer(815301076,1909f56bfc062723c751e8b465ee728b)
Start importing Assets/BrokenVector/LowPolyBrickHouses/Prefabs/RiverWallOpen.prefab using Guid(dd6f629302f173646a25d46dbd945d78) Importer(815301076,1909f56bfc062723c751e8b465ee728b)  -> (artifact id: 'bf3829775c3e357667809a6ccf2f9d46') in 0.015683 seconds 
========================================================================
Received Import Request.
  Time since last request: 0.000060 seconds.
  path: Assets/BrokenVector/LowPolyBrickHouses/Prefabs/FenceEnd.prefab
  artifactKey: Guid(4b9dc5e7010a14f4aab81de3a20f07b0) Importer(815301076,1909f56bfc062723c751e8b465ee728b)
Start importing Assets/BrokenVector/LowPolyBrickHouses/Prefabs/FenceEnd.prefab using Guid(4b9dc5e7010a14f4aab81de3a20f07b0) Importer(815301076,1909f56bfc062723c751e8b465ee728b)  -> (artifact id: 'caeab91d1e1e0083b5528eba0cb73875') in 0.010642 seconds 
========================================================================
Received Import Request.
  Time since last request: 0.000023 seconds.
  path: Assets/BrokenVector/LowPolyBrickHouses/Prefabs/Foliage_3.prefab
  artifactKey: Guid(dc83d82e59754f34ea737a544b53fc9a) Importer(815301076,1909f56bfc062723c751e8b465ee728b)
Start importing Assets/BrokenVector/LowPolyBrickHouses/Prefabs/Foliage_3.prefab using Guid(dc83d82e59754f34ea737a544b53fc9a) Importer(815301076,1909f56bfc062723c751e8b465ee728b)  -> (artifact id: 'ad9397e8b765e0809af1fc3c5ef4a4a3') in 0.186052 seconds 
========================================================================
Received Import Request.
  Time since last request: 0.000028 seconds.
  path: Assets/BrokenVector/LowPolyBrickHouses/Prefabs/House_4.prefab
  artifactKey: Guid(318f42008434d4f49aa6d43ae0a5c686) Importer(815301076,1909f56bfc062723c751e8b465ee728b)
Start importing Assets/BrokenVector/LowPolyBrickHouses/Prefabs/House_4.prefab using Guid(318f42008434d4f49aa6d43ae0a5c686) Importer(815301076,1909f56bfc062723c751e8b465ee728b)  -> (artifact id: 'ba6724aa0ac78a4f407434ac9dc944b6') in 0.014152 seconds 
========================================================================
Received Import Request.
  Time since last request: 0.000031 seconds.
  path: Assets/BrokenVector/LowPolyBrickHouses/Prefabs/Fence.prefab
  artifactKey: Guid(694a9c3445f3cb0448c24a04ce64d96d) Importer(815301076,1909f56bfc062723c751e8b465ee728b)
Start importing Assets/BrokenVector/LowPolyBrickHouses/Prefabs/Fence.prefab using Guid(694a9c3445f3cb0448c24a04ce64d96d) Importer(815301076,1909f56bfc062723c751e8b465ee728b)  -> (artifact id: '90e43da23464d0fddb475ee8d9c12d7e') in 0.010745 seconds 
========================================================================
Received Import Request.
  Time since last request: 0.000019 seconds.
  path: Assets/BrokenVector/LowPolyBrickHouses/Prefabs/House_7.prefab
  artifactKey: Guid(14db1ccf5b7890b499bfd6c79b3bf46f) Importer(815301076,1909f56bfc062723c751e8b465ee728b)
Start importing Assets/BrokenVector/LowPolyBrickHouses/Prefabs/House_7.prefab using Guid(14db1ccf5b7890b499bfd6c79b3bf46f) Importer(815301076,1909f56bfc062723c751e8b465ee728b)  -> (artifact id: 'badf81c76e91b842c71bbd8e231629e4') in 0.014289 seconds 
========================================================================
Received Import Request.
  Time since last request: 0.000039 seconds.
  path: Assets/BrokenVector/LowPolyBrickHouses/Prefabs/House_2.prefab
  artifactKey: Guid(544cd25ee8b26f549b827a231b2faf0c) Importer(815301076,1909f56bfc062723c751e8b465ee728b)
Start importing Assets/BrokenVector/LowPolyBrickHouses/Prefabs/House_2.prefab using Guid(544cd25ee8b26f549b827a231b2faf0c) Importer(815301076,1909f56bfc062723c751e8b465ee728b)  -> (artifact id: '7593abc6bf7c4dbfa397b893a7015828') in 0.011917 seconds 
========================================================================
Received Import Request.
  Time since last request: 0.000030 seconds.
  path: Assets/BrokenVector/LowPolyBrickHouses/Prefabs/House_1.prefab
  artifactKey: Guid(f2b055ed15f48bd4793c0d0ef6185ee5) Importer(815301076,1909f56bfc062723c751e8b465ee728b)
Start importing Assets/BrokenVector/LowPolyBrickHouses/Prefabs/House_1.prefab using Guid(f2b055ed15f48bd4793c0d0ef6185ee5) Importer(815301076,1909f56bfc062723c751e8b465ee728b)  -> (artifact id: '05eaa064516d8e59ffc4d26614b0c588') in 0.011691 seconds 
========================================================================
Received Import Request.
  Time since last request: 0.000023 seconds.
  path: Assets/BrokenVector/LowPolyBrickHouses/Prefabs/Foliage_1.prefab
  artifactKey: Guid(f46943be9ee7353449ca75c6fd768ddf) Importer(815301076,1909f56bfc062723c751e8b465ee728b)
Start importing Assets/BrokenVector/LowPolyBrickHouses/Prefabs/Foliage_1.prefab using Guid(f46943be9ee7353449ca75c6fd768ddf) Importer(815301076,1909f56bfc062723c751e8b465ee728b)  -> (artifact id: '13472e7ef080220172b0a9592b90a09b') in 0.015016 seconds 
========================================================================
Received Import Request.
  Time since last request: 0.000026 seconds.
  path: Assets/BrokenVector/LowPolyBrickHouses/Prefabs/RiverWall.prefab
  artifactKey: Guid(a7eb417a6c9b1d94aa4238bd72633934) Importer(815301076,1909f56bfc062723c751e8b465ee728b)
Start importing Assets/BrokenVector/LowPolyBrickHouses/Prefabs/RiverWall.prefab using Guid(a7eb417a6c9b1d94aa4238bd72633934) Importer(815301076,1909f56bfc062723c751e8b465ee728b)  -> (artifact id: '9f718c28cdaf116a84180c496c92c0aa') in 0.015043 seconds 
========================================================================
Received Import Request.
  Time since last request: 0.000022 seconds.
  path: Assets/BrokenVector/LowPolyBrickHouses/Prefabs/House_5.prefab
  artifactKey: Guid(01db66142cb4c7543bba603ccfee344a) Importer(815301076,1909f56bfc062723c751e8b465ee728b)
Start importing Assets/BrokenVector/LowPolyBrickHouses/Prefabs/House_5.prefab using Guid(01db66142cb4c7543bba603ccfee344a) Importer(815301076,1909f56bfc062723c751e8b465ee728b)  -> (artifact id: '7cd62e4068d450e579b4c8fdabf8684c') in 0.012693 seconds 
========================================================================
Received Import Request.
  Time since last request: 0.000026 seconds.
  path: Assets/BrokenVector/LowPolyBrickHouses/Prefabs/RiverBridge.prefab
  artifactKey: Guid(5bf57647fe46deb40a2b6a3b57e4c344) Importer(815301076,1909f56bfc062723c751e8b465ee728b)
Start importing Assets/BrokenVector/LowPolyBrickHouses/Prefabs/RiverBridge.prefab using Guid(5bf57647fe46deb40a2b6a3b57e4c344) Importer(815301076,1909f56bfc062723c751e8b465ee728b)  -> (artifact id: 'a45e5ea24473ba86f8bcc5f380fc217c') in 0.012392 seconds 
========================================================================
Received Import Request.
  Time since last request: 0.000020 seconds.
  path: Assets/BrokenVector/LowPolyBrickHouses/Prefabs/Church.prefab
  artifactKey: Guid(d0a0bad0f2561674f85b5a72c1eb19b0) Importer(815301076,1909f56bfc062723c751e8b465ee728b)
Start importing Assets/BrokenVector/LowPolyBrickHouses/Prefabs/Church.prefab using Guid(d0a0bad0f2561674f85b5a72c1eb19b0) Importer(815301076,1909f56bfc062723c751e8b465ee728b)  -> (artifact id: '6cd5c297889ed0e17dc1e27219f2fbbd') in 0.153908 seconds 
Editor requested this worker to shutdown with reason: Scaling down because of idle timeout
AssetImportWorker is now disconnected from the server
Process exiting
Exiting without the bug reporter. Application will terminate with return code 0